<?xml version="1.0" encoding="UTF-8"?>
<!-- Generated by org.testng.reporters.JUnitXMLReporter -->
<testsuite hostname="DESKTOP-8SKO70U" ignored="0" name="Default test" tests="8" failures="0" timestamp="2020-02-27T17:53:59 IST" time="80.281" errors="0">
  <testcase name="Jira" time="9.827" classname="test.DriverScript"/>
  <testcase name="JiraId_1200" time="3.177" classname="test.DriverScript"/>
  <testcase name="JiraId_1201" time="39.954" classname="test.DriverScript"/>
  <testcase name="JiraId_1202" time="2.931" classname="test.DriverScript"/>
  <testcase name="Jira_1203" time="2.782" classname="test.DriverScript"/>
  <testcase name="Jira_1205" time="2.135" classname="test.DriverScript"/>
  <testcase name="JiraId_1207" time="2.34" classname="test.DriverScript"/>
  <testcase name="Jira_1204" time="1.188" classname="test.DriverScript"/>
</testsuite> <!-- Default test -->
