<?xml version="1.0" encoding="UTF-8"?>
<testng-results skipped="0" failed="0" ignored="0" total="1" passed="1">
  <reporter-output>
  </reporter-output>
  <suite name="TestNg_Basics_Config" duration-ms="59472" started-at="2020-01-12T20:24:29 IST" finished-at="2020-01-12T20:25:28 IST">
    <groups>
      <group name="Web based pop-ups">
        <method signature="DriverScript.JiraId_1207()[pri:8, instance:test.DriverScript@3bfdc050]" name="JiraId_1207" class="test.DriverScript"/>
      </group> <!-- Web based pop-ups -->
    </groups>
    <test name="how to run functional tests during build prcess" duration-ms="59472" started-at="2020-01-12T20:24:29 IST" finished-at="2020-01-12T20:25:28 IST">
      <class name="test.DriverScript">
        <test-method status="PASS" signature="pre_requisute()[pri:0, instance:test.DriverScript@3bfdc050]" name="pre_requisute" is-config="true" duration-ms="25342" started-at="2020-01-12T20:24:29 IST" finished-at="2020-01-12T20:24:54 IST">
          <reporter-output>
          </reporter-output>
        </test-method> <!-- pre_requisute -->
        <test-method status="PASS" signature="JiraId_1207()[pri:8, instance:test.DriverScript@3bfdc050]" name="JiraId_1207" duration-ms="32182" started-at="2020-01-12T20:24:55 IST" finished-at="2020-01-12T20:25:27 IST">
          <reporter-output>
          </reporter-output>
        </test-method> <!-- JiraId_1207 -->
        <test-method status="PASS" signature="closeTheSession()[pri:0, instance:test.DriverScript@3bfdc050]" name="closeTheSession" is-config="true" duration-ms="1490" started-at="2020-01-12T20:25:27 IST" finished-at="2020-01-12T20:25:28 IST">
          <reporter-output>
          </reporter-output>
        </test-method> <!-- closeTheSession -->
      </class> <!-- test.DriverScript -->
    </test> <!-- how to run functional tests during build prcess -->
  </suite> <!-- TestNg_Basics_Config -->
</testng-results>
