<?xml version="1.0" encoding="UTF-8"?>
<testng-results skipped="0" failed="0" ignored="0" total="1" passed="1">
  <reporter-output>
  </reporter-output>
  <suite name="Default suite" duration-ms="45173" started-at="2019-05-22T09:44:09Z" finished-at="2019-05-22T09:44:54Z">
    <groups>
      <group name="Form Submission">
        <method signature="DriverScript.JiraId_1206()[pri:7, instance:test.DriverScript@46daef40]" name="JiraId_1206" class="test.DriverScript"/>
      </group> <!-- Form Submission -->
    </groups>
    <test name="Default test" duration-ms="45173" started-at="2019-05-22T09:44:09Z" finished-at="2019-05-22T09:44:54Z">
      <class name="test.DriverScript">
        <test-method status="PASS" signature="pre_requisute()[pri:0, instance:test.DriverScript@46daef40]" name="pre_requisute" is-config="true" duration-ms="8107" started-at="2019-05-22T09:44:09Z" finished-at="2019-05-22T09:44:17Z">
          <reporter-output>
          </reporter-output>
        </test-method> <!-- pre_requisute -->
        <test-method status="PASS" signature="JiraId_1206()[pri:7, instance:test.DriverScript@46daef40]" name="JiraId_1206" duration-ms="26109" started-at="2019-05-22T09:44:17Z" finished-at="2019-05-22T09:44:43Z">
          <reporter-output>
          </reporter-output>
        </test-method> <!-- JiraId_1206 -->
        <test-method status="PASS" signature="closeTheSession()[pri:0, instance:test.DriverScript@46daef40]" name="closeTheSession" is-config="true" duration-ms="10885" started-at="2019-05-22T09:44:43Z" finished-at="2019-05-22T09:44:54Z">
          <reporter-output>
          </reporter-output>
        </test-method> <!-- closeTheSession -->
      </class> <!-- test.DriverScript -->
    </test> <!-- Default test -->
  </suite> <!-- Default suite -->
</testng-results>
