<?xml version="1.0" encoding="UTF-8"?>
<!-- Generated by org.testng.reporters.JUnitXMLReporter -->
<testsuite hostname="DESKTOP-8SKO70U" ignored="0" name="how to run functional tests during build prcess" tests="8" failures="0" timestamp="2020-03-03T19:44:37 IST" time="112.112" errors="0">
  <testcase name="Jira" time="23.729" classname="test.DriverScript"/>
  <testcase name="JiraId_1200" time="7.785" classname="test.DriverScript"/>
  <testcase name="JiraId_1201" time="39.814" classname="test.DriverScript"/>
  <testcase name="JiraId_1202" time="2.303" classname="test.DriverScript"/>
  <testcase name="Jira_1203" time="3.385" classname="test.DriverScript"/>
  <testcase name="Jira_1205" time="2.362" classname="test.DriverScript"/>
  <testcase name="JiraId_1207" time="2.11" classname="test.DriverScript"/>
  <testcase name="Jira_1204" time="1.29" classname="test.DriverScript"/>
</testsuite> <!-- how to run functional tests during build prcess -->
